2024-01-16 18:14:06,767 INFO c.s.a.s.ActiTimeStepDefinition [main] Launch the application
2024-01-16 18:14:11,172 INFO c.s.a.s.ActiTimeStepDefinition [main] The Application has launched successfully
2024-01-16 18:14:11,182 INFO c.s.a.s.ActiTimeStepDefinition [main] Navigate to the url of the application
2024-01-16 18:14:17,414 INFO c.s.a.s.ActiTimeStepDefinition [main] Navigate to the url of the application has performed successfully
2024-01-16 18:14:17,419 INFO c.s.a.s.ActiTimeStepDefinition [main] Login using valid credentials
2024-01-16 18:14:22,795 INFO c.s.a.s.ActiTimeStepDefinition [main] Login using valid credentials by providing valid credentails
2024-01-16 18:14:22,803 INFO c.s.a.s.ActiTimeStepDefinition [main] the Home page should display
2024-01-16 18:14:24,838 INFO c.s.a.s.ActiTimeStepDefinition [main] The Validation of Display of Home Page has matched successfulyy
2024-01-16 18:14:24,840 INFO c.s.a.s.ActiTimeStepDefinition [main] minimize the flyout Window
2024-01-16 18:14:26,923 INFO c.s.a.s.ActiTimeStepDefinition [main] minimize the flyout Window has performed successfully
2024-01-16 18:14:26,925 INFO c.s.a.s.ActiTimeStepDefinition [main] Perform logout action
2024-01-16 18:14:29,197 INFO c.s.a.s.ActiTimeStepDefinition [main] Performing logout action has done successfully
2024-01-16 18:14:29,199 INFO c.s.a.s.ActiTimeStepDefinition [main] the login page should display
2024-01-16 18:14:31,217 INFO c.s.a.s.ActiTimeStepDefinition [main] Validation of login page display
2024-01-16 18:14:31,219 INFO c.s.a.s.ActiTimeStepDefinition [main] Close Application Browser
2024-01-16 18:14:31,359 INFO c.s.a.s.ActiTimeStepDefinition [main] Close Application has done succesfully
2024-01-16 18:14:31,368 INFO c.s.a.s.ActiTimeStepDefinition [main] Launch the application
2024-01-16 18:14:34,557 INFO c.s.a.s.ActiTimeStepDefinition [main] The Application has launched successfully
2024-01-16 18:14:34,559 INFO c.s.a.s.ActiTimeStepDefinition [main] Navigate to the url of the application
2024-01-16 18:14:40,455 INFO c.s.a.s.ActiTimeStepDefinition [main] Navigate to the url of the application has performed successfully
2024-01-16 18:14:40,456 INFO c.s.a.s.ActiTimeStepDefinition [main] Login using valid credentials
2024-01-16 18:14:45,793 INFO c.s.a.s.ActiTimeStepDefinition [main] Login using valid credentials by providing valid credentails
2024-01-16 18:14:45,794 INFO c.s.a.s.ActiTimeStepDefinition [main] the Home page should display
2024-01-16 18:14:47,827 INFO c.s.a.s.ActiTimeStepDefinition [main] The Validation of Display of Home Page has matched successfulyy
2024-01-16 18:14:47,828 INFO c.s.a.s.ActiTimeStepDefinition [main] minimize the flyout Window
2024-01-16 18:14:49,891 INFO c.s.a.s.ActiTimeStepDefinition [main] minimize the flyout Window has performed successfully
2024-01-16 18:14:49,894 INFO c.s.a.s.ActiTimeStepDefinition [main] Create an User
2024-01-16 18:15:18,540 INFO c.s.a.s.ActiTimeStepDefinition [main] Create an User action has performed successfully
2024-01-16 18:15:18,541 INFO c.s.a.s.ActiTimeStepDefinition [main] User should create successfully
2024-01-16 18:15:18,604 INFO c.s.a.s.ActiTimeStepDefinition [main] Validation of User Creation has performed successfully 
2024-01-16 18:15:18,607 INFO c.s.a.s.ActiTimeStepDefinition [main] delete the user
2024-01-16 18:15:24,826 INFO c.s.a.s.ActiTimeStepDefinition [main] delete the user step has performed successfully
2024-01-16 18:15:24,827 INFO c.s.a.s.ActiTimeStepDefinition [main] the user should delete
2024-01-16 18:15:24,837 INFO c.s.a.s.ActiTimeStepDefinition [main] the user should delete, action has performed successfully
2024-01-16 18:15:24,839 INFO c.s.a.s.ActiTimeStepDefinition [main] Perform logout action
2024-01-16 18:15:27,115 INFO c.s.a.s.ActiTimeStepDefinition [main] Performing logout action has done successfully
2024-01-16 18:15:27,117 INFO c.s.a.s.ActiTimeStepDefinition [main] the login page should display
2024-01-16 18:15:29,128 INFO c.s.a.s.ActiTimeStepDefinition [main] Validation of login page display
2024-01-16 18:15:29,130 INFO c.s.a.s.ActiTimeStepDefinition [main] Close Application Browser
2024-01-16 18:15:29,291 INFO c.s.a.s.ActiTimeStepDefinition [main] Close Application has done succesfully
